2020-12-22 21:16:57,029 DEBUG    root            Loaded Command Group: ['gcloud', 'version']
2020-12-22 21:16:57,032 DEBUG    root            Running [gcloud.version] with arguments: [--format: "json"]
2020-12-22 21:16:57,061 INFO     root            Display format: "flattened[no-pad,separator=" "] json"
2020-12-22 21:16:57,153 INFO     ___FILE_ONLY___ {
  "Google Cloud SDK": "320.0.0",
  "alpha": "2020.12.04",
  "app-engine-go": "1.9.71",
  "app-engine-java": "1.9.84",
  "app-engine-python": "1.9.91",
  "app-engine-python-extras": "1.9.91",
  "beta": "2020.12.04",
  "bigtable": "",
  "bq": "2.0.64",
  "cbt": "0.9.0",
  "cloud-build-local": "0.5.2",
  "cloud-datastore-emulator": "2.1.0",
  "core": "2020.12.04",
  "datalab": "20190610",
  "gsutil": "4.55",
  "kind": "0.7.0",
  "kpt": "0.36.1",
  "kubectl": "1.17.14",
  "minikube": "1.15.1",
  "pubsub-emulator": "0.1.2",
  "skaffold": "1.17.1"
}
2020-12-22 21:16:57,161 INFO     ___FILE_ONLY___ 

